<?xml version="1.0" encoding="UTF-8"?>
<testng-results ignored="0" total="4" passed="4" failed="0" skipped="0">
  <reporter-output>
  </reporter-output>
  <suite started-at="2020-02-11T13:13:26 AEDT" name="All Test Suite" finished-at="2020-02-11T13:13:26 AEDT" duration-ms="94">
    <groups>
    </groups>
    <test started-at="2020-02-11T13:13:26 AEDT" name="C:/Users/Madhu/Mavenjava" finished-at="2020-02-11T13:13:26 AEDT" duration-ms="94">
      <class name="qaclickacademy.AppiumTest">
        <test-method signature="NativeAppAndroid()[pri:0, instance:qaclickacademy.AppiumTest@691a7f8f]" started-at="2020-02-11T13:13:26 AEDT" name="NativeAppAndroid" finished-at="2020-02-11T13:13:26 AEDT" duration-ms="15" status="PASS">
          <reporter-output>
          </reporter-output>
        </test-method> <!-- NativeAppAndroid -->
        <test-method signature="IOSApps()[pri:0, instance:qaclickacademy.AppiumTest@691a7f8f]" started-at="2020-02-11T13:13:26 AEDT" name="IOSApps" finished-at="2020-02-11T13:13:26 AEDT" duration-ms="0" status="PASS">
          <reporter-output>
          </reporter-output>
        </test-method> <!-- IOSApps -->
      </class> <!-- qaclickacademy.AppiumTest -->
      <class name="qaclickacademy.RestAPITest">
        <test-method signature="Postjira()[pri:0, instance:qaclickacademy.RestAPITest@50a7bc6e]" started-at="2020-02-11T13:13:26 AEDT" name="Postjira" finished-at="2020-02-11T13:13:26 AEDT" duration-ms="0" status="PASS">
          <reporter-output>
          </reporter-output>
        </test-method> <!-- Postjira -->
        <test-method signature="deleteTwitter()[pri:0, instance:qaclickacademy.RestAPITest@50a7bc6e]" started-at="2020-02-11T13:13:26 AEDT" name="deleteTwitter" finished-at="2020-02-11T13:13:26 AEDT" duration-ms="0" status="PASS">
          <reporter-output>
          </reporter-output>
        </test-method> <!-- deleteTwitter -->
      </class> <!-- qaclickacademy.RestAPITest -->
    </test> <!-- C:/Users/Madhu/Mavenjava -->
  </suite> <!-- All Test Suite -->
</testng-results>
